2025-05-31 15:43:00,647 - __main__ - INFO - 开始分析linux.do页面结构...
2025-05-31 15:43:02,758 - cfcj.auth - INFO - 认证数据加载成功
2025-05-31 15:43:02,760 - __main__ - INFO - 分析URL: https://linux.do/t/topic/691043
2025-05-31 15:43:02,761 - cfcj.crawler - INFO - 启动浏览器，使用驱动: drission
2025-05-31 15:43:02,761 - cfcj.crawler - INFO - 正在配置Chrome选项...
2025-05-31 15:43:02,764 - cfcj.crawler - INFO - 正在启动Chrome浏览器...
2025-05-31 15:43:04,539 - cfcj.crawler - INFO - Chrome浏览器启动成功
2025-05-31 15:43:04,542 - cfcj.crawler - INFO - 正在加载保存的cookies...
2025-05-31 15:43:04,545 - cfcj.crawler - INFO - Cookies加载准备完成
2025-05-31 15:43:04,550 - cfcj.crawler - INFO - 正在访问: https://linux.do/t/topic/691043 (尝试 1/2)
2025-05-31 15:43:04,553 - cfcj.crawler - INFO - 正在访问页面: https://linux.do/t/topic/691043
2025-05-31 15:44:08,982 - cfcj.auth - INFO - Cookies加载到页面完成，共加载 32 个cookies
2025-05-31 15:44:35,297 - cfcj.crawler - INFO - 页面访问成功，正在检查Cloudflare...
2025-05-31 15:44:35,299 - cfcj.crawler - INFO - 检查Cloudflare验证状态...
2025-05-31 15:44:43,362 - cfcj.crawler - INFO - 未检测到Cloudflare验证页面
2025-05-31 15:44:47,378 - cfcj.crawler - INFO - 等待页面加载完成 (2秒)...
2025-05-31 15:44:50,107 - cfcj.crawler - INFO - 页面内容获取成功，长度: 1074061 字符
2025-05-31 15:44:50,121 - __main__ - INFO - 原始HTML已保存到: D:\kf\weipc\wz\cfcj\page_structure.html
2025-05-31 15:44:50,503 - __main__ - INFO - 
=== 页面结构分析 ===
2025-05-31 15:44:50,503 - __main__ - INFO - 
1. 标题结构分析:
2025-05-31 15:44:50,527 - __main__ - INFO -   h1[0]: 为什么我用linuxdo授权第三方api网站总是报错
2025-05-31 15:44:50,528 - __main__ - INFO -   h1[1]: 为什么我用linuxdo授权第三方api网站总是报错
2025-05-31 15:44:50,584 - __main__ - INFO -   .fancy-title[0]: 为什么我用linuxdo授权第三方api网站总是报错
2025-05-31 15:44:50,649 - __main__ - INFO -   a.fancy-title span[dir="auto"][0]: 为什么我用linuxdo授权第三方api网站总是报错
2025-05-31 15:44:50,676 - __main__ - INFO -   .fancy-title span[dir="auto"][0]: 为什么我用linuxdo授权第三方api网站总是报错
2025-05-31 15:44:50,678 - __main__ - INFO - 
2. 主贴内容结构分析:
2025-05-31 15:44:50,781 - __main__ - INFO -   找到主贴容器
2025-05-31 15:44:50,785 - __main__ - INFO -   主贴 .cooked[0]: image734×608 31 KBimage1118×370 21.3 KB就提示这样
2025-05-31 15:44:50,789 - __main__ - INFO -   主贴 .topic-body .cooked[0]: image734×608 31 KBimage1118×370 21.3 KB就提示这样
2025-05-31 15:44:50,796 - __main__ - INFO - 
3. 图片结构分析:
2025-05-31 15:44:50,799 - __main__ - INFO -   主贴中找到 7 张图片
2025-05-31 15:44:50,800 - __main__ - INFO -   图片1: /letter_avatar/kokone77/48/5_d44a9b381edc88181525e3c8350177ca.png (alt: )
2025-05-31 15:44:50,801 - __main__ - INFO -   图片2: https://linux.do/uploads/default/optimized/4X/8/5/8/8588dbf7de26a7a3c8818a237189d067458a926f_2_603x499.png (alt: image)
2025-05-31 15:44:50,802 - __main__ - INFO -   图片3: https://linux.do/uploads/default/optimized/4X/0/7/c/07cf0cd987247e1b2e65807bd954dffd9169c49c_2_690x228.png (alt: image)
2025-05-31 15:44:50,804 - __main__ - INFO -   图片4: /user_avatar/linux.do/handsome/48/477777_2.png (alt: )
2025-05-31 15:44:50,805 - __main__ - INFO -   图片5: /user_avatar/linux.do/xiaotaideng/48/702167_2.png (alt: )
2025-05-31 15:44:50,810 - __main__ - INFO - 
4. 需要排除的元素分析:
2025-05-31 15:44:50,864 - __main__ - INFO -   发现需排除元素 .topic-navigation: 1 个
2025-05-31 15:44:50,915 - __main__ - INFO -   发现需排除元素 .topic-map: 2 个
2025-05-31 15:44:50,998 - __main__ - INFO -   发现需排除元素 .post-menu-area: 4 个
2025-05-31 15:44:51,155 - __main__ - INFO -   发现需排除元素 .avatar: 13 个
2025-05-31 15:44:51,278 - __main__ - INFO -   发现需排除元素 .post-controls: 4 个
2025-05-31 15:44:51,279 - __main__ - INFO - 
5. 回复结构分析:
2025-05-31 15:44:51,359 - __main__ - INFO -   找到 3 个回复帖子
2025-05-31 15:44:51,360 - __main__ - INFO - 
=== 优化建议 ===
2025-05-31 15:44:51,368 - __main__ - INFO - 建议的选择器配置已保存到: D:\kf\weipc\wz\cfcj\suggested_selectors.json
2025-05-31 15:44:51,388 - cfcj.auth - INFO - 认证数据保存成功
2025-05-31 15:44:51,391 - cfcj.auth - INFO - 从页面保存cookies完成
2025-05-31 15:44:52,236 - cfcj.crawler - INFO - 浏览器已关闭
