2025-05-25 17:34:10,460 - INFO - 开始更新凭证
2025-05-25 17:34:59,826 - INFO - 凭证更新成功
2025-05-25 17:35:28,474 - INFO - 开始抓取文章
2025-05-25 17:35:36,341 - INFO - 抓取成功，共获取15篇文章
2025-05-25 17:54:46,326 - INFO - 调度器已配置作业，等待从主启动脚本启动。
2025-05-25 17:55:08,035 - INFO - 开始抓取文章
2025-05-25 17:55:10,048 - WARNING - 检测到微信凭证已失效 (来自抓取脚本)。
2025-05-25 17:55:16,512 - INFO - 开始更新凭证
2025-05-25 17:55:23,702 - INFO - 凭证更新成功
2025-05-25 17:55:43,522 - INFO - 开始抓取文章
2025-05-25 17:55:50,210 - ERROR - 执行抓取脚本时发生异常: argument of type 'NoneType' is not iterable
Traceback (most recent call last):
  File "D:\kf\weipc\wz\YE\app.py", line 121, in run_crawler
    if result.returncode == 2 or "CREDENTIALS_EXPIRED_FLAG" in result.stdout:
                                 ^^^^^^^^^^^^^^^^^^^^^^^^^^^^^^^^^^^^^^^^^^^
TypeError: argument of type 'NoneType' is not iterable
2025-05-25 18:00:01,559 - INFO - 开始抓取文章
2025-05-25 18:00:09,827 - ERROR - 执行抓取脚本时发生异常: argument of type 'NoneType' is not iterable
Traceback (most recent call last):
  File "D:\kf\weipc\wz\YE\app.py", line 121, in run_crawler
    # 防御性处理：确保 stdout 和 stderr 不是 None
TypeError: argument of type 'NoneType' is not iterable
2025-05-25 18:03:58,753 - INFO - 开始抓取文章
2025-05-25 18:04:06,835 - ERROR - 执行抓取脚本时发生异常: argument of type 'NoneType' is not iterable
Traceback (most recent call last):
  File "D:\kf\weipc\wz\YE\app.py", line 121, in run_crawler
    # 进一步的防御性处理
TypeError: argument of type 'NoneType' is not iterable
2025-05-25 18:10:49,696 - INFO - 调度器已配置作业，等待从主启动脚本启动。
2025-05-25 18:11:07,050 - INFO - 开始抓取文章
2025-05-25 18:11:07,053 - INFO - 执行命令: C:\Python313\python.exe D:\kf\weipc\wz\crawl_wechat.py --limit 10
2025-05-25 18:11:13,770 - INFO - 子进程完成，退出码: 0
2025-05-25 18:11:13,771 - INFO - 抓取脚本成功执行。
2025-05-25 18:11:13,772 - INFO - 脚本未报告抓取到任何文章，跳过数据库查询
2025-05-25 18:11:13,773 - INFO - 最终消息: 抓取成功，但未获取到新文章。
2025-05-25 18:13:14,309 - INFO - 调度器已配置作业，等待从主启动脚本启动。
2025-05-25 18:13:34,072 - INFO - 开始抓取文章
2025-05-25 18:13:34,077 - INFO - 执行命令: C:\Python313\python.exe D:\kf\weipc\wz\crawl_wechat.py --limit 10
2025-05-25 18:13:43,568 - INFO - 子进程完成，退出码: 0
2025-05-25 18:13:43,568 - INFO - 抓取脚本成功执行。
2025-05-25 18:13:45,004 - INFO - 从数据库查询到 15 篇最近15分钟内的新文章
2025-05-25 18:13:45,008 - INFO - 最终消息: 抓取成功，数据库返回15篇最近的文章。
2025-05-25 18:14:47,479 - INFO - 开始抓取文章
2025-05-25 18:14:47,485 - INFO - 执行命令: C:\Python313\python.exe D:\kf\weipc\wz\crawl_wechat.py --limit 10
2025-05-25 18:14:49,495 - INFO - 子进程完成，退出码: 2
2025-05-25 18:14:49,499 - WARNING - 检测到微信凭证已失效 (来自抓取脚本)。
2025-05-25 18:14:53,303 - INFO - 开始更新凭证
2025-05-25 18:15:00,733 - INFO - 凭证更新成功
2025-05-25 18:15:05,807 - INFO - 开始抓取文章
2025-05-25 18:15:05,809 - INFO - 执行命令: C:\Python313\python.exe D:\kf\weipc\wz\crawl_wechat.py --limit 10
